2026-02-24 15:00:05,045 - INFO - ======================================================================
2026-02-24 15:00:05,046 - INFO - KEYLOGGER APPLICATION STARTED
2026-02-24 15:00:05,047 - INFO - ======================================================================
2026-02-24 15:00:05,048 - INFO - Initializing keylogger...
2026-02-24 15:00:05,049 - INFO - Running keylogger setup...
2026-02-24 15:00:05,050 - INFO - Starting setup - Step 1: Checking admin privileges...
2026-02-24 15:00:05,050 - INFO - Checking administrator privileges...
2026-02-24 15:00:05,058 - INFO - Administrator privileges confirmed
2026-02-24 15:00:05,058 - INFO - Step 1 Complete: Admin privileges verified
2026-02-24 15:00:05,059 - INFO - Starting Step 2: Getting user consent...
2026-02-24 15:00:05,059 - INFO - Creating ConsentScreen...
2026-02-24 15:00:05,059 - INFO - Displaying consent screen...
2026-02-24 15:00:08,933 - INFO - Consent received with monitoring level: HIGH
2026-02-24 15:00:08,934 - INFO - Step 2 Complete: Consent obtained
2026-02-24 15:00:08,935 - INFO - Starting Step 3: Setting up config...
2026-02-24 15:00:08,935 - INFO - Creating config with monitoring level: HIGH
2026-02-24 15:00:08,941 - INFO - Config created successfully
2026-02-24 15:00:08,941 - INFO - Printing config settings...
2026-02-24 15:00:08,958 - INFO - Config settings printed
2026-02-24 15:00:08,959 - INFO - Step 3 Complete: Config setup complete
2026-02-24 15:00:08,959 - INFO - Starting Step 4: Initializing database (OPTIONAL)...
2026-02-24 15:00:08,961 - INFO - Creating DatabaseManager...
2026-02-24 15:00:08,962 - INFO - Initializing database...
2026-02-24 15:00:09,007 - INFO - Verifying database connection...
2026-02-24 15:00:09,008 - ERROR - Database connection verification failed
2026-02-24 15:00:09,009 - INFO - Step 4 Complete: Database initialized
2026-02-24 15:00:09,009 - INFO - Starting Step 5: Checking keylogging status...
2026-02-24 15:00:09,009 - INFO - Keystroke logging is ENABLED
2026-02-24 15:00:09,010 - INFO - Setup Complete: All steps passed successfully
2026-02-24 15:00:09,010 - INFO - Setup completed successfully. Showing menu...
2026-02-24 15:00:27,526 - INFO - Starting keystroke monitoring for 1800 seconds
2026-02-24 15:00:27,555 - INFO - Keystroke monitoring successfully started
